PythonBoard 101 [00:00:00]
  BIB: 0x0a855475
  FIB: 0x09391ce0
  2210001 [00:00:00:00] available noObstler  Taka3.1 00000000000000THKK0111G300060014
  2210002 [00:00:00:01] available noObstler  Taka3.1 00000000000000THKK0111G300210015
  6210001 [00:00:00:02] available noObstler  Taka3.1 00000000000000THKK0111G300250015
  6210002 [00:00:00:03] available noObstler  Taka3.1 00000000000000THKK0111G300260016
  2220001 [00:00:00:04] available noObstler  Taka3.1 00000000000000THKK0104C100060029
  2220002 [00:00:00:05] available noObstler  Taka3.1 00000000000000THKK0104C100080029
  6220001 [00:00:00:06] available noObstler  Taka3.1 00000000000000THKK0107A200220027
  6220002 [00:00:00:07] available noObstler  Taka3.1 00000000000000THKK0107A200200027
  2290001 [00:00:00:08] available noObstler  Taka3.1 00000000000000THKK0117C500230008
  2290002 [00:00:00:09] available noObstler  Taka3.1 00000000000000THKK0117C500210008
  6290001 [00:00:00:0a] available noObstler  Taka3.1 00000000000000THKK0117C500120011
  6290002 [00:00:00:0b] available noObstler  Taka3.1 00000000000000THKK0117C500140011
  2300001 [00:00:00:0c] available noObstler  Taka3.1 00000000000000THKK0103C600060017
  2300002 [00:00:00:0d] available noObstler  Taka3.1 00000000000000THKK0103C600120017
  6300001 [00:00:00:0e] available noObstler  Taka3.1 00000000000000THKK0103C600230016
  6300002 [00:00:00:0f] available noObstler  Taka3.1 00000000000000THKK0103C600210016
  1130001 [00:00:00:10] available noObstler  Taka3.1 00000000000000THKK0111G300130028
  1130002 [00:00:00:11] available noObstler  Taka3.1 00000000000000THKK0111G300110028
  5130001 [00:00:00:12] available noObstler  Taka3.1 00000000000000THKK0111G300030028
  5130002 [00:00:00:13] available noObstler  Taka3.1 00000000000000THKK0111G300060029
  1140001 [00:00:00:14] available noObstler  Taka3.1 00000000000000THKK0107A200160029
  1140002 [00:00:00:15] available noObstler  Taka3.1 00000000000000THKK0107A200140029
  5140001 [00:00:00:16] available noObstler  Taka3.1 00000000000000THKK0107A200200028
  5140002 [00:00:00:17] available noObstler  Taka3.1 00000000000000THKK0107A200220028
  1250001 [00:00:00:18] available noObstler  Taka3.1 00000000000000THKK0111G300170029
  1250002 [00:00:00:19] available noObstler  Taka3.1 00000000000000THKK0111G300190029
  5250001 [00:00:00:1a] available noObstler  Taka3.1 00000000000000THKK0111G300080029
  5250002 [00:00:00:1b] available noObstler  Taka3.1 00000000000000THKK0111G300110029
  1260001 [00:00:00:1c] available noObstler  Taka3.1 00000000000000THKK0107A200080027
  1260002 [00:00:00:1d] available noObstler  Taka3.1 00000000000000THKK0107A200060027
  5260001 [00:00:00:1e] available noObstler  Taka3.1 00000000000000THKK0107A200150029
  5260002 [00:00:00:1f] available noObstler  Taka3.1 00000000000000THKK0107A200120029
PythonBoard 102 [00:00:01]
  BIB: 0x0a855475
  FIB: 0x09391ce0
  2230001 [ no-geotag ] ignored   Taka3.1 no-serial-number
  2230002 [ no-geotag ] ignored   Taka3.1 no-serial-number
  6230001 [00:00:01:02] available noObstler  Taka3.1 00000000000000TKXU1505A500150005
  6230002 [00:00:01:03] available noObstler  Taka3.1 00000000000000TKXU1505A500130005
  2240001 [00:00:01:04] available noObstler  Taka3.1 00000000000000TKXU1503B700040019
  2240002 [00:00:01:05] available noObstler  Taka3.1 00000000000000TKXU1503B700020019
  6240001 [00:00:01:06] available noObstler  Taka3.1 00000000000000TKXU1504B200130007
  6240002 [00:00:01:07] available noObstler  Taka3.1 00000000000000TKXU1504B200080007
  1270001 [00:00:01:08] available noObstler  Taka3.1 00000000000000TKXU1503B700090019
  1270002 [00:00:01:09] available noObstler  Taka3.1 00000000000000TKXU1503B700060019
  5270001 [00:00:01:0a] available noObstler  Taka3.1 00000000000000TKXU1504B200060007
  5270002 [00:00:01:0b] available noObstler  Taka3.1 00000000000000TKXU1504B200040007
  1280001 [00:00:01:0c] available noObstler  Taka3.1 00000000000000TKXU1506A000110027
  1280002 [00:00:01:0d] available noObstler  Taka3.1 00000000000000TKXU1506A000090027
  5280001 [00:00:01:0e] available noObstler  Taka3.1 00000000000000TKXU1516C300090030
  5280002 [00:00:01:0f] available noObstler  Taka3.1 00000000000000TKXU1516C300070030
  1190001 [00:00:01:10] available noObstler  Taka3.1 00000000000000TKXU1504B200240013
  1190002 [00:00:01:11] available noObstler  Taka3.1 00000000000000TKXU1504B200220013
  5190001 [00:00:01:12] available noObstler  Taka3.1 00000000000000TKXU1503B700140020
  5190002 [00:00:01:13] available noObstler  Taka3.1 00000000000000TKXU1503B700160020
  1200001 [00:00:01:14] available noObstler  Taka3.1 00000000000000TKXU1503B700220015
  1200002 [00:00:01:15] available noObstler  Taka3.1 00000000000000TKXU1503B700190015
  5200001 [00:00:01:16] available noObstler  Taka3.1 00000000000000TKXU1503B700080015
  5200002 [00:00:01:17] available noObstler  Taka3.1 00000000000000TKXU1503B700050015
  1030001 [00:00:01:18] available noObstler  Taka3.1 00000000000000TKXU1503B700140019
  1030002 [00:00:01:19] available noObstler  Taka3.1 00000000000000TKXU1503B700100019
  5030001 [00:00:01:1a] available noObstler  Taka3.1 00000000000000TKXU1503B700180020
  5030002 [00:00:01:1b] available noObstler  Taka3.1 00000000000000TKXU1503B700200020
  1040001 [00:00:01:1c] available noObstler  Taka3.1 00000000000000TKXU1502C400160005
  1040002 [00:00:01:1d] available noObstler  Taka3.1 00000000000000TKXU1502C400180005
  5040001 [00:00:01:1e] available noObstler  Taka3.1 00000000000000TKXU1502C400160006
  5040002 [00:00:01:1f] available noObstler  Taka3.1 00000000000000TKXU1502C400140006
PythonBoard 104 [00:00:03]
  BIB: 0x0a855475
  FIB: 0x09391ce0
  2190001 [00:00:03:00] available noObstler  Taka3.1 00000000000000TKNA0221C000100022
  2190002 [00:00:03:01] available noObstler  Taka3.1 00000000000000TKNA0221C000120022
  6190001 [00:00:03:02] available noObstler  Taka3.1 00000000000000TKNA0221C000160023
  6190002 [00:00:03:03] available noObstler  Taka3.1 00000000000000TKNA0221C000140023
  2200001 [00:00:03:04] available noObstler  Taka3.1 00000000000000TKNA0201E500210025
  2200002 [00:00:03:05] available noObstler  Taka3.1 00000000000000TKNA0201E500230025
  6200001 [00:00:03:06] available noObstler  Taka3.1 00000000000000TKNA0201E500070026
  6200002 [00:00:03:07] available noObstler  Taka3.1 00000000000000TKNA0201E500050026
  2270001 [00:00:03:08] available noObstler  Taka3.1 00000000000000TKNA0221C000170026
  2270002 [00:00:03:09] available noObstler  Taka3.1 00000000000000TKNA0221C000190026
  6270001 [00:00:03:0a] available noObstler  Taka3.1 00000000000000TKNA0201E500170027
  6270002 [00:00:03:0b] available noObstler  Taka3.1 00000000000000TKNA0201E500200027
  2280002 [ no-geotag ] ignored   Taka3.1 no-serial-number
  6280001 [00:00:03:0e] available noObstler  Taka3.1 00000000000000TKNA0221C000130024
  6280002 [00:00:03:0f] available noObstler  Taka3.1 00000000000000TKNA0221C000150024
  1110001 [00:00:03:10] available noObstler  Taka3.1 00000000000000TKGF6921B600060008
  1110002 [00:00:03:11] available noObstler  Taka3.1 00000000000000TKGF6921B600080008
  5110001 [00:00:03:12] available noObstler  Taka3.1 00000000000000TKGF6924H200090006
  5110002 [00:00:03:13] available noObstler  Taka3.1 00000000000000TKGF6924H200070006
  1120001 [00:00:03:14] available noObstler  Taka3.1 00000000000000TKGF6903D100070024
  1120002 [00:00:03:15] available noObstler  Taka3.1 00000000000000TKGF6903D100050024
  5120001 [00:00:03:16] available noObstler  Taka3.1 00000000000000TKGF6903D100090023
  5120002 [00:00:03:17] available noObstler  Taka3.1 00000000000000TKGF6903D100110023
  1170001 [00:00:03:18] available noObstler  Taka3.1 00000000000000TKGF6923A400140013
  1170002 [00:00:03:19] available noObstler  Taka3.1 00000000000000TKGF6923A400120013
  5170001 [00:00:03:1a] available noObstler  Taka3.1 00000000000000TKGF6925G500050010
  5170002 [00:00:03:1b] available noObstler  Taka3.1 00000000000000TKGF6925G500060011
  1180001 [00:00:03:1c] available noObstler  Taka3.1 00000000000000TKNA0221C000050022
  1180002 [00:00:03:1d] available noObstler  Taka3.1 00000000000000TKNA0221C000080022
  5180001 [00:00:03:1e] available noObstler  Taka3.1 00000000000000TKNA0221C000140022
  5180002 [00:00:03:1f] available noObstler  Taka3.1 00000000000000TKNA0221C000160022
PythonBoard 105 [00:00:04]
  BIB: 0x0a855475
  FIB: 0x09391ce0
  1290001 [00:00:04:00] available noObstler  Taka3.1 00000000000000TM4R9701D000090023
  1290002 [00:00:04:01] available noObstler  Taka3.1 00000000000000TM4R9701D000120023
  5290001 [00:00:04:02] available noObstler  Taka3.1 00000000000000TM4R9701D000130023
  5290002 [00:00:04:03] available noObstler  Taka3.1 00000000000000TM4R9701D000150023
  1300001 [00:00:04:04] available noObstler  Taka3.1 00000000000000TM5W7611A100140012
  1300002 [00:00:04:05] available noObstler  Taka3.1 00000000000000TM5W7611A100160012
  5300001 [00:00:04:06] available noObstler  Taka3.1 00000000000000TM5W7608A600170008
  5300002 [00:00:04:07] available noObstler  Taka3.1 00000000000000TM5W7608A600150008
  1210001 [00:00:04:08] available noObstler  Taka3.1 00000000000000TM5W7606C000200015
  1210002 [00:00:04:09] available noObstler  Taka3.1 00000000000000TM5W7606C000220015
  5210001 [00:00:04:0a] available noObstler  Taka3.1 00000000000000TM5W7611A100070005
  5210002 [00:00:04:0b] available noObstler  Taka3.1 00000000000000TM5W7611A100040006
  1220001 [00:00:04:0c] available noObstler  Taka3.1 00000000000000TM5W7606C000240015
  1220002 [00:00:04:0d] available noObstler  Taka3.1 00000000000000TM5W7606C000250016
  5220001 [00:00:04:0e] available noObstler  Taka3.1 00000000000000TM5W7611A100120005
  5220002 [00:00:04:0f] available noObstler  Taka3.1 00000000000000TM5W7611A100090005
  1150001 [00:00:04:10] available noObstler  Taka3.1 00000000000000TM5W7608A600210010
  1150002 [00:00:04:11] available noObstler  Taka3.1 00000000000000TM5W7608A600190010
  5150001 [00:00:04:12] available noObstler  Taka3.1 00000000000000TM5W7608A600140009
  5150002 [00:00:04:13] available noObstler  Taka3.1 00000000000000TM5W7608A600170009
  1160001 [00:00:04:14] available noObstler  Taka3.1 00000000000000THKK0109G300160028
  1160002 [00:00:04:15] available noObstler  Taka3.1 00000000000000THKK0109G300140028
  5160001 [00:00:04:16] available noObstler  Taka3.1 00000000000000THKK0107A200120022
  5160002 [00:00:04:17] available noObstler  Taka3.1 00000000000000THKK0107A200140022
  1050001 [00:00:04:18] available noObstler  Taka3.1 00000000000000THGW0520F100170021
  1050002 [00:00:04:19] available noObstler  Taka3.1 00000000000000THGW0520F100150021
  5050001 [00:00:04:1a] available noObstler  Taka3.1 00000000000000THGW0521E400100003
  5050002 [00:00:04:1b] available noObstler  Taka3.1 00000000000000THGW0521E400120003
  1060001 [00:00:04:1c] available noObstler  Taka3.1 00000000000000TM4R9705A400090024
  1060002 [00:00:04:1d] available noObstler  Taka3.1 00000000000000TM4R9705A400110024
  5060001 [00:00:04:1e] available noObstler  Taka3.1 00000000000000TM4R9705A400170024
  5060002 [00:00:04:1f] available noObstler  Taka3.1 00000000000000TM4R9705A400200024
PythonBoard 107 [00:00:06]
  BIB: 0x0a855475
  FIB: 0x09391ce0
  1310001 [00:00:06:00] available noObstler  Taka3.1 00000000000000THGW0516G300160009
  1310002 [00:00:06:01] available noObstler  Taka3.1 00000000000000THGW0516G300180009
  5310001 [00:00:06:02] available noObstler  Taka3.1 00000000000000THGW0518F100070029
  5310002 [00:00:06:03] available noObstler  Taka3.1 00000000000000THGW0518F100090029
  1320001 [00:00:06:04] available noObstler  Taka3.1 00000000000000THGW0515H000200021
  1320002 [00:00:06:05] available noObstler  Taka3.1 00000000000000THGW0515H000220021
  5320001 [00:00:06:06] available noObstler  Taka3.1 00000000000000THGW0516G300140029
  5320002 [00:00:06:07] available noObstler  Taka3.1 00000000000000THGW0516G300160029
  2310001 [00:00:06:08] available noObstler  Taka3.1 00000000000000THGW0521E400200017
  2310002 [00:00:06:09] available noObstler  Taka3.1 00000000000000THGW0521E400220017
  6310001 [00:00:06:0a] available noObstler  Taka3.1 00000000000000THGW0505E500120027
  6310002 [00:00:06:0b] available noObstler  Taka3.1 00000000000000THGW0505E500100027
  2320001 [00:00:06:0c] available noObstler  Taka3.1 00000000000000THGW0521E400020022
  2320002 [00:00:06:0d] available noObstler  Taka3.1 00000000000000THGW0521E400010023
  6320001 [00:00:06:0e] available noObstler  Taka3.1 00000000000000THGW0522D700070017
  6320002 [00:00:06:0f] available noObstler  Taka3.1 00000000000000THGW0522D700050017
  1230001 [00:00:06:10] available noObstler  Taka3.1 00000000000000THGW0522D700090030
  1230002 [00:00:06:11] available noObstler  Taka3.1 00000000000000THGW0522D700120030
  5230001 [00:00:06:12] available noObstler  Taka3.1 00000000000000THGW0520F100180004
  5230002 [00:00:06:13] available noObstler  Taka3.1 00000000000000THGW0520F100200004
  1240001 [00:00:06:14] available noObstler  Taka3.1 00000000000000THGW0505E500120014
  1240002 [00:00:06:15] available noObstler  Taka3.1 00000000000000THGW0505E500230014
  5240001 [ no-geotag ] ignored   Taka3.1 no-serial-number
  5240002 [ no-geotag ] ignored   Taka3.1 no-serial-number
  1070001 [00:00:06:18] available noObstler  Taka3.1 00000000000000THGW0518F100080021
  1070002 [00:00:06:19] available noObstler  Taka3.1 00000000000000THGW0518F100100021
  5070001 [00:00:06:1a] available noObstler  Taka3.1 00000000000000THGW0515H000060023
  5070002 [00:00:06:1b] available noObstler  Taka3.1 00000000000000THGW0515H000080023
  1080001 [00:00:06:1c] available noObstler  Taka3.1 00000000000000THGW0505E500220015
  1080002 [00:00:06:1d] available noObstler  Taka3.1 00000000000000THGW0505E500190015
  5080001 [00:00:06:1e] available noObstler  Taka3.1 00000000000000THGW0501H100140007
  5080002 [00:00:06:1f] available noObstler  Taka3.1 00000000000000THGW0501H100170007
PythonBoard 108 [00:00:07]
  BIB: 0x0a855475
  FIB: 0x09391ce0
  2170001 [00:00:07:00] available noObstler  Taka3.1 00000000000000TKNA0321G400150025
  2170002 [00:00:07:01] available noObstler  Taka3.1 00000000000000TKNA0321G400130025
  6170001 [00:00:07:02] available noObstler  Taka3.1 00000000000000TKNA0321G400200022
  6170002 [00:00:07:03] available noObstler  Taka3.1 00000000000000TKNA0321G400220022
  2180001 [00:00:07:04] available noObstler  Taka3.1 00000000000000TKCY7410B200170009
  2180002 [00:00:07:05] available noObstler  Taka3.1 00000000000000TKCY7410B200150009
  6180001 [00:00:07:06] available noObstler  Taka3.1 00000000000000TKCY7412A000050022
  6180002 [00:00:07:07] available noObstler  Taka3.1 00000000000000TKCY7412A000030022
  2250001 [00:00:07:08] available noObstler  Taka3.1 00000000000000TKCY7412A000180002
  2250002 [00:00:07:09] available noObstler  Taka3.1 00000000000000TKCY7412A000160002
  6250001 [00:00:07:0a] available noObstler  Taka3.1 00000000000000TKCY7410B200130005
  6250002 [00:00:07:0b] available noObstler  Taka3.1 00000000000000TKCY7410B200110005
  2260001 [00:00:07:0c] available noObstler  Taka3.1 00000000000000TKCY7413G600100020
  2260002 [00:00:07:0d] available noObstler  Taka3.1 00000000000000TKCY7413G600130020
  6260001 [00:00:07:0e] available noObstler  Taka3.1 00000000000000TKCY7408B200170023
  6260002 [00:00:07:0f] available noObstler  Taka3.1 00000000000000TKCY7408B200190023
  1090001 [00:00:07:10] available noObstler  Taka3.1 00000000000000THGH7806F600150014
  1090002 [00:00:07:11] available noObstler  Taka3.1 00000000000000THGH7806F600130014
  5090001 [00:00:07:12] available noObstler  Taka3.1 00000000000000THGH7806F600100006
  5090002 [00:00:07:13] available noObstler  Taka3.1 00000000000000THGH7806F600080006
  1100001 [00:00:07:14] available noObstler  Taka3.1 00000000000000THGH7806F600100004
  1100002 [00:00:07:15] available noObstler  Taka3.1 00000000000000THGH7806F600080004
  5100001 [00:00:07:16] available noObstler  Taka3.1 00000000000000THGH7806F600110004
  5100002 [00:00:07:17] available noObstler  Taka3.1 00000000000000THGH7806F600090004
  1010001 [00:00:07:18] available noObstler  Taka3.1 00000000000000THGH7806F600070004
  1010002 [00:00:07:19] available noObstler  Taka3.1 00000000000000THGH7806F600060005
  5010001 [00:00:07:1a] available noObstler  Taka3.1 00000000000000THGH7807F100120013
  5010002 [00:00:07:1b] available noObstler  Taka3.1 00000000000000THGH7807F100140013
  1020001 [00:00:07:1c] available noObstler  Taka3.1 00000000000000THGH7806F600030009
  1020002 [00:00:07:1d] available noObstler  Taka3.1 00000000000000THGH7806F600050009
  5020001 [00:00:07:1e] available noObstler  Taka3.1 00000000000000THGH7808E400150033
  5020002 [00:00:07:1f] available noObstler  Taka3.1 00000000000000THGH7808E400170033
